
*** Running vivado
    with args -log Top_Student.vds -m64 -product Vivado -mode batch -messageDb vivado.pb -notrace -source Top_Student.tcl


****** Vivado v2018.2 (64-bit)
  **** SW Build 2258646 on Thu Jun 14 20:03:12 MDT 2018
  **** IP Build 2256618 on Thu Jun 14 22:10:49 MDT 2018
    ** Copyright 1986-2018 Xilinx, Inc. All Rights Reserved.

source Top_Student.tcl -notrace
Command: synth_design -top Top_Student -part xc7a35tcpg236-1
Starting synth_design
Attempting to get a license for feature 'Synthesis' and/or device 'xc7a35t'
INFO: [Common 17-349] Got license for feature 'Synthesis' and/or device 'xc7a35t'
INFO: Launching helper process for spawning children vivado processes
INFO: Helper process launched with PID 9668 
---------------------------------------------------------------------------------
Starting RTL Elaboration : Time (s): cpu = 00:00:02 ; elapsed = 00:00:03 . Memory (MB): peak = 356.547 ; gain = 99.938
---------------------------------------------------------------------------------
INFO: [Synth 8-6157] synthesizing module 'Top_Student' [E:/Finsihed week 8 project/SoundDisplay.srcs/sources_1/new/Top_Student.v:18]
INFO: [Synth 8-6157] synthesizing module 'volume_x1' [E:/Finsihed week 8 project/SoundDisplay.srcs/sources_1/new/volume_x1.v:23]
INFO: [Synth 8-6157] synthesizing module 'varclock' [E:/Finsihed week 8 project/SoundDisplay.srcs/sources_1/new/ADJ_CLOCK.v:23]
INFO: [Synth 8-6155] done synthesizing module 'varclock' (1#1) [E:/Finsihed week 8 project/SoundDisplay.srcs/sources_1/new/ADJ_CLOCK.v:23]
INFO: [Synth 8-6155] done synthesizing module 'volume_x1' (2#1) [E:/Finsihed week 8 project/SoundDisplay.srcs/sources_1/new/volume_x1.v:23]
INFO: [Synth 8-6157] synthesizing module 'transnum' [E:/Finsihed week 8 project/SoundDisplay.srcs/sources_1/new/BCD.v:23]
INFO: [Synth 8-6155] done synthesizing module 'transnum' (3#1) [E:/Finsihed week 8 project/SoundDisplay.srcs/sources_1/new/BCD.v:23]
WARNING: [Synth 8-689] width (7) of port connection 'seg' does not match port width (8) of module 'transnum' [E:/Finsihed week 8 project/SoundDisplay.srcs/sources_1/new/Top_Student.v:67]
WARNING: [Synth 8-689] width (32) of port connection 'bcd' does not match port width (4) of module 'transnum' [E:/Finsihed week 8 project/SoundDisplay.srcs/sources_1/new/Top_Student.v:68]
WARNING: [Synth 8-689] width (7) of port connection 'seg' does not match port width (8) of module 'transnum' [E:/Finsihed week 8 project/SoundDisplay.srcs/sources_1/new/Top_Student.v:68]
INFO: [Synth 8-6157] synthesizing module 'Oled_Display' [E:/Finsihed week 8 project/SoundDisplay.srcs/sources_1/new/Oled_Display.v:36]
	Parameter Width bound to: 96 - type: integer 
	Parameter Height bound to: 64 - type: integer 
	Parameter PixelCount bound to: 6144 - type: integer 
	Parameter PixelCountWidth bound to: 13 - type: integer 
	Parameter ClkFreq bound to: 6250000 - type: integer 
	Parameter FrameFreq bound to: 60 - type: integer 
	Parameter FrameDiv bound to: 104166 - type: integer 
	Parameter FrameDivWidth bound to: 17 - type: integer 
	Parameter PowerDelay bound to: 20 - type: integer 
	Parameter ResetDelay bound to: 3 - type: integer 
	Parameter VccEnDelay bound to: 20 - type: integer 
	Parameter StartupCompleteDelay bound to: 100 - type: integer 
	Parameter MaxDelay bound to: 100 - type: integer 
	Parameter MaxDelayCount bound to: 625000 - type: integer 
	Parameter StateCount bound to: 32 - type: integer 
	Parameter StateWidth bound to: 5 - type: integer 
	Parameter PowerUp bound to: 5'b00000 
	Parameter Reset bound to: 5'b00001 
	Parameter ReleaseReset bound to: 5'b00011 
	Parameter EnableDriver bound to: 5'b00010 
	Parameter DisplayOff bound to: 5'b00110 
	Parameter SetRemapDisplayFormat bound to: 5'b00111 
	Parameter SetStartLine bound to: 5'b00101 
	Parameter SetOffset bound to: 5'b00100 
	Parameter SetNormalDisplay bound to: 5'b01100 
	Parameter SetMultiplexRatio bound to: 5'b01101 
	Parameter SetMasterConfiguration bound to: 5'b01111 
	Parameter DisablePowerSave bound to: 5'b01110 
	Parameter SetPhaseAdjust bound to: 5'b01010 
	Parameter SetDisplayClock bound to: 5'b01011 
	Parameter SetSecondPrechargeA bound to: 5'b01001 
	Parameter SetSecondPrechargeB bound to: 5'b01000 
	Parameter SetSecondPrechargeC bound to: 5'b11000 
	Parameter SetPrechargeLevel bound to: 5'b11001 
	Parameter SetVCOMH bound to: 5'b11011 
	Parameter SetMasterCurrent bound to: 5'b11010 
	Parameter SetContrastA bound to: 5'b11110 
	Parameter SetContrastB bound to: 5'b11111 
	Parameter SetContrastC bound to: 5'b11101 
	Parameter DisableScrolling bound to: 5'b11100 
	Parameter ClearScreen bound to: 5'b10100 
	Parameter VccEn bound to: 5'b10101 
	Parameter DisplayOn bound to: 5'b10111 
	Parameter PrepareNextFrame bound to: 5'b10110 
	Parameter SetColAddress bound to: 5'b10010 
	Parameter SetRowAddress bound to: 5'b10011 
	Parameter WaitNextFrame bound to: 5'b10001 
	Parameter SendPixel bound to: 5'b10000 
	Parameter SpiCommandMaxWidth bound to: 40 - type: integer 
	Parameter SpiCommandBitCountWidth bound to: 6 - type: integer 
INFO: [Synth 8-226] default block is never used [E:/Finsihed week 8 project/SoundDisplay.srcs/sources_1/new/Oled_Display.v:124]
INFO: [Synth 8-226] default block is never used [E:/Finsihed week 8 project/SoundDisplay.srcs/sources_1/new/Oled_Display.v:201]
WARNING: [Synth 8-693] zero replication count - replication ignored [E:/Finsihed week 8 project/SoundDisplay.srcs/sources_1/new/Oled_Display.v:349]
INFO: [Synth 8-6155] done synthesizing module 'Oled_Display' (4#1) [E:/Finsihed week 8 project/SoundDisplay.srcs/sources_1/new/Oled_Display.v:36]
WARNING: [Synth 8-350] instance 'oled1' of module 'Oled_Display' requires 15 connections, but only 10 given [E:/Finsihed week 8 project/SoundDisplay.srcs/sources_1/new/Top_Student.v:72]
INFO: [Synth 8-6157] synthesizing module 'D_FLIP' [E:/Finsihed week 8 project/SoundDisplay.srcs/sources_1/new/D_FLIP.v:24]
INFO: [Synth 8-6155] done synthesizing module 'D_FLIP' (5#1) [E:/Finsihed week 8 project/SoundDisplay.srcs/sources_1/new/D_FLIP.v:24]
INFO: [Synth 8-6157] synthesizing module 'Audio_Capture' [E:/Finsihed week 8 project/SoundDisplay.srcs/sources_1/new/Audio_Capture.v:25]
INFO: [Synth 8-6155] done synthesizing module 'Audio_Capture' (6#1) [E:/Finsihed week 8 project/SoundDisplay.srcs/sources_1/new/Audio_Capture.v:25]
WARNING: [Synth 8-4446] all outputs are unconnected for this instance and logic may be removed [E:/Finsihed week 8 project/SoundDisplay.srcs/sources_1/new/Top_Student.v:81]
INFO: [Synth 8-6157] synthesizing module 'display' [E:/Finsihed week 8 project/SoundDisplay.srcs/sources_1/new/LED_WRITE.v:24]
INFO: [Synth 8-6155] done synthesizing module 'display' (7#1) [E:/Finsihed week 8 project/SoundDisplay.srcs/sources_1/new/LED_WRITE.v:24]
WARNING: [Synth 8-689] width (7) of port connection 'disp0' does not match port width (8) of module 'display' [E:/Finsihed week 8 project/SoundDisplay.srcs/sources_1/new/Top_Student.v:81]
WARNING: [Synth 8-689] width (7) of port connection 'disp1' does not match port width (8) of module 'display' [E:/Finsihed week 8 project/SoundDisplay.srcs/sources_1/new/Top_Student.v:81]
WARNING: [Synth 8-689] width (4) of port connection 'clock' does not match port width (1) of module 'display' [E:/Finsihed week 8 project/SoundDisplay.srcs/sources_1/new/Top_Student.v:81]
WARNING: [Synth 8-689] width (7) of port connection 'onoff' does not match port width (1) of module 'display' [E:/Finsihed week 8 project/SoundDisplay.srcs/sources_1/new/Top_Student.v:81]
WARNING: [Synth 8-350] instance 'nolabel_line81' of module 'display' requires 8 connections, but only 6 given [E:/Finsihed week 8 project/SoundDisplay.srcs/sources_1/new/Top_Student.v:81]
WARNING: [Synth 8-3848] Net an in module/entity Top_Student does not have driver. [E:/Finsihed week 8 project/SoundDisplay.srcs/sources_1/new/Top_Student.v:28]
WARNING: [Synth 8-3848] Net seg in module/entity Top_Student does not have driver. [E:/Finsihed week 8 project/SoundDisplay.srcs/sources_1/new/Top_Student.v:29]
INFO: [Synth 8-6155] done synthesizing module 'Top_Student' (8#1) [E:/Finsihed week 8 project/SoundDisplay.srcs/sources_1/new/Top_Student.v:18]
WARNING: [Synth 8-3331] design Top_Student has unconnected port JA[2]
WARNING: [Synth 8-3331] design Top_Student has unconnected port an[3]
WARNING: [Synth 8-3331] design Top_Student has unconnected port an[2]
WARNING: [Synth 8-3331] design Top_Student has unconnected port an[1]
WARNING: [Synth 8-3331] design Top_Student has unconnected port seg[6]
WARNING: [Synth 8-3331] design Top_Student has unconnected port seg[5]
WARNING: [Synth 8-3331] design Top_Student has unconnected port seg[4]
WARNING: [Synth 8-3331] design Top_Student has unconnected port seg[3]
WARNING: [Synth 8-3331] design Top_Student has unconnected port seg[2]
WARNING: [Synth 8-3331] design Top_Student has unconnected port seg[1]
WARNING: [Synth 8-3331] design Top_Student has unconnected port sw1
---------------------------------------------------------------------------------
Finished RTL Elaboration : Time (s): cpu = 00:00:03 ; elapsed = 00:00:04 . Memory (MB): peak = 411.332 ; gain = 154.723
---------------------------------------------------------------------------------

Report Check Netlist: 
+------+------------------+-------+---------+-------+------------------+
|      |Item              |Errors |Warnings |Status |Description       |
+------+------------------+-------+---------+-------+------------------+
|1     |multi_driven_nets |      0|        0|Passed |Multi driven nets |
+------+------------------+-------+---------+-------+------------------+
WARNING: [Synth 8-3295] tying undriven pin nolabel_line81:clock to constant 0 [E:/Finsihed week 8 project/SoundDisplay.srcs/sources_1/new/Top_Student.v:81]
WARNING: [Synth 8-3295] tying undriven pin nolabel_line81:onoff to constant 0 [E:/Finsihed week 8 project/SoundDisplay.srcs/sources_1/new/Top_Student.v:81]
---------------------------------------------------------------------------------
Start Handling Custom Attributes
---------------------------------------------------------------------------------
---------------------------------------------------------------------------------
Finished Handling Custom Attributes : Time (s): cpu = 00:00:03 ; elapsed = 00:00:04 . Memory (MB): peak = 411.332 ; gain = 154.723
---------------------------------------------------------------------------------
---------------------------------------------------------------------------------
Finished RTL Optimization Phase 1 : Time (s): cpu = 00:00:03 ; elapsed = 00:00:04 . Memory (MB): peak = 411.332 ; gain = 154.723
---------------------------------------------------------------------------------
INFO: [Device 21-403] Loading part xc7a35tcpg236-1
INFO: [Project 1-570] Preparing netlist for logic optimization

Processing XDC Constraints
Initializing timing engine
Parsing XDC File [E:/Finsihed week 8 project/SoundDisplay.srcs/constrs_1/new/Basys3_Master.xdc]
Finished Parsing XDC File [E:/Finsihed week 8 project/SoundDisplay.srcs/constrs_1/new/Basys3_Master.xdc]
INFO: [Project 1-236] Implementation specific constraints were found while reading constraint file [E:/Finsihed week 8 project/SoundDisplay.srcs/constrs_1/new/Basys3_Master.xdc]. These constraints will be ignored for synthesis but will be used in implementation. Impacted constraints are listed in the file [.Xil/Top_Student_propImpl.xdc].
Resolution: To avoid this warning, move constraints listed in [.Xil/Top_Student_propImpl.xdc] to another XDC file and exclude this new file from synthesis with the used_in_synthesis property (File Properties dialog in GUI) and re-run elaboration/synthesis.
Completed Processing XDC Constraints

INFO: [Project 1-111] Unisim Transformation Summary:
No Unisim elements were transformed.

Constraint Validation Runtime : Time (s): cpu = 00:00:00 ; elapsed = 00:00:00.005 . Memory (MB): peak = 733.090 ; gain = 0.000
---------------------------------------------------------------------------------
Finished Constraint Validation : Time (s): cpu = 00:00:13 ; elapsed = 00:00:16 . Memory (MB): peak = 733.090 ; gain = 476.480
---------------------------------------------------------------------------------
---------------------------------------------------------------------------------
Start Loading Part and Timing Information
---------------------------------------------------------------------------------
Loading part: xc7a35tcpg236-1
---------------------------------------------------------------------------------
Finished Loading Part and Timing Information : Time (s): cpu = 00:00:13 ; elapsed = 00:00:16 . Memory (MB): peak = 733.090 ; gain = 476.480
---------------------------------------------------------------------------------
---------------------------------------------------------------------------------
Start Applying 'set_property' XDC Constraints
---------------------------------------------------------------------------------
---------------------------------------------------------------------------------
Finished applying 'set_property' XDC Constraints : Time (s): cpu = 00:00:13 ; elapsed = 00:00:16 . Memory (MB): peak = 733.090 ; gain = 476.480
---------------------------------------------------------------------------------
INFO: [Synth 8-802] inferred FSM for state register 'state_reg' in module 'Oled_Display'
INFO: [Synth 8-5546] ROM "fsm_next_state0" won't be mapped to RAM because it is too sparse
INFO: [Synth 8-5544] ROM "fsm_next_state0" won't be mapped to Block RAM because address size (1) smaller than threshold (5)
INFO: [Synth 8-5546] ROM "fsm_next_state0" won't be mapped to RAM because it is too sparse
---------------------------------------------------------------------------------------------------
                   State |                     New Encoding |                Previous Encoding 
---------------------------------------------------------------------------------------------------
                 PowerUp | 00000000100000000000000000000000 |                            00000
                   Reset | 00000000000100000000000000000000 |                            00001
            ReleaseReset | 00000000000000000000100000000000 |                            00011
            EnableDriver | 00000000000000000001000000000000 |                            00010
              DisplayOff | 00000000000000000100000000000000 |                            00110
   SetRemapDisplayFormat | 00000100000000000000000000000000 |                            00111
            SetStartLine | 00001000000000000000000000000000 |                            00101
               SetOffset | 10000000000000000000000000000000 |                            00100
        SetNormalDisplay | 00000000000000000000000010000000 |                            01100
       SetMultiplexRatio | 00000000000000000000000000100000 |                            01101
  SetMasterConfiguration | 00000000000000000000000001000000 |                            01111
        DisablePowerSave | 00000000000000000000000000000100 |                            01110
          SetPhaseAdjust | 00000000000000000000000000001000 |                            01010
         SetDisplayClock | 00000000001000000000000000000000 |                            01011
     SetSecondPrechargeA | 00000000010000000000000000000000 |                            01001
     SetSecondPrechargeB | 01000000000000000000000000000000 |                            01000
     SetSecondPrechargeC | 00000010000000000000000000000000 |                            11000
       SetPrechargeLevel | 00000001000000000000000000000000 |                            11001
                SetVCOMH | 00000000000000010000000000000000 |                            11011
        SetMasterCurrent | 00000000000000100000000000000000 |                            11010
            SetContrastA | 00000000000001000000000000000000 |                            11110
            SetContrastB | 00100000000000000000000000000000 |                            11111
            SetContrastC | 00000000000000000000000000000001 |                            11101
        DisableScrolling | 00000000000000000000000000000010 |                            11100
             ClearScreen | 00000000000000000000000000010000 |                            10100
                   VccEn | 00010000000000000000000000000000 |                            10101
               DisplayOn | 00000000000010000000000000000000 |                            10111
        PrepareNextFrame | 00000000000000001000000000000000 |                            10110
           SetColAddress | 00000000000000000000010000000000 |                            10010
           SetRowAddress | 00000000000000000000000100000000 |                            10011
           WaitNextFrame | 00000000000000000000001000000000 |                            10001
               SendPixel | 00000000000000000010000000000000 |                            10000
---------------------------------------------------------------------------------------------------
INFO: [Synth 8-3354] encoded FSM with state register 'state_reg' using encoding 'one-hot' in module 'Oled_Display'
---------------------------------------------------------------------------------
Finished RTL Optimization Phase 2 : Time (s): cpu = 00:00:14 ; elapsed = 00:00:17 . Memory (MB): peak = 733.090 ; gain = 476.480
---------------------------------------------------------------------------------

Report RTL Partitions: 
+-+--------------+------------+----------+
| |RTL Partition |Replication |Instances |
+-+--------------+------------+----------+
+-+--------------+------------+----------+
---------------------------------------------------------------------------------
Start RTL Component Statistics 
---------------------------------------------------------------------------------
Detailed RTL Component Info : 
+---Adders : 
	   2 Input     33 Bit       Adders := 4     
	   2 Input     32 Bit       Adders := 1     
	   2 Input     17 Bit       Adders := 1     
	   2 Input      6 Bit       Adders := 3     
	   2 Input      2 Bit       Adders := 1     
+---Registers : 
	               40 Bit    Registers := 1     
	               17 Bit    Registers := 1     
	               16 Bit    Registers := 1     
	               12 Bit    Registers := 3     
	                6 Bit    Registers := 2     
	                4 Bit    Registers := 1     
	                2 Bit    Registers := 1     
	                1 Bit    Registers := 6     
+---Muxes : 
	   2 Input     40 Bit        Muxes := 3     
	  32 Input     32 Bit        Muxes := 1     
	   2 Input     32 Bit        Muxes := 2     
	  32 Input     20 Bit        Muxes := 1     
	   2 Input     17 Bit        Muxes := 1     
	   2 Input     16 Bit        Muxes := 1     
	  17 Input     16 Bit        Muxes := 1     
	   2 Input      8 Bit        Muxes := 3     
	   2 Input      7 Bit        Muxes := 2     
	  32 Input      6 Bit        Muxes := 1     
	   2 Input      6 Bit        Muxes := 1     
	   2 Input      5 Bit        Muxes := 2     
	  32 Input      5 Bit        Muxes := 2     
	   4 Input      4 Bit        Muxes := 1     
	  16 Input      1 Bit        Muxes := 1     
	   2 Input      1 Bit        Muxes := 3     
---------------------------------------------------------------------------------
Finished RTL Component Statistics 
---------------------------------------------------------------------------------
---------------------------------------------------------------------------------
Start RTL Hierarchical Component Statistics 
---------------------------------------------------------------------------------
Hierarchical RTL Component report 
Module Top_Student 
Detailed RTL Component Info : 
+---Adders : 
	   2 Input     32 Bit       Adders := 1     
+---Muxes : 
	   2 Input      7 Bit        Muxes := 2     
Module varclock 
Detailed RTL Component Info : 
+---Adders : 
	   2 Input     33 Bit       Adders := 1     
+---Registers : 
	                1 Bit    Registers := 1     
Module volume_x1 
Detailed RTL Component Info : 
+---Adders : 
	   2 Input      6 Bit       Adders := 2     
+---Registers : 
	               16 Bit    Registers := 1     
	               12 Bit    Registers := 1     
	                6 Bit    Registers := 1     
	                4 Bit    Registers := 1     
+---Muxes : 
	   2 Input     16 Bit        Muxes := 1     
	  17 Input     16 Bit        Muxes := 1     
	  16 Input      1 Bit        Muxes := 1     
Module Oled_Display 
Detailed RTL Component Info : 
+---Adders : 
	   2 Input     17 Bit       Adders := 1     
	   2 Input      6 Bit       Adders := 1     
+---Registers : 
	               40 Bit    Registers := 1     
	               17 Bit    Registers := 1     
	                6 Bit    Registers := 1     
+---Muxes : 
	   2 Input     40 Bit        Muxes := 3     
	  32 Input     32 Bit        Muxes := 1     
	   2 Input     32 Bit        Muxes := 2     
	  32 Input     20 Bit        Muxes := 1     
	   2 Input     17 Bit        Muxes := 1     
	  32 Input      6 Bit        Muxes := 1     
	   2 Input      6 Bit        Muxes := 1     
	   2 Input      5 Bit        Muxes := 2     
	  32 Input      5 Bit        Muxes := 2     
	   2 Input      1 Bit        Muxes := 2     
Module D_FLIP 
Detailed RTL Component Info : 
+---Registers : 
	                1 Bit    Registers := 1     
Module Audio_Capture 
Detailed RTL Component Info : 
+---Registers : 
	               12 Bit    Registers := 2     
	                1 Bit    Registers := 1     
Module display 
Detailed RTL Component Info : 
+---Adders : 
	   2 Input      2 Bit       Adders := 1     
+---Registers : 
	                2 Bit    Registers := 1     
+---Muxes : 
	   2 Input      8 Bit        Muxes := 3     
	   4 Input      4 Bit        Muxes := 1     
	   2 Input      1 Bit        Muxes := 1     
---------------------------------------------------------------------------------
Finished RTL Hierarchical Component Statistics
---------------------------------------------------------------------------------
---------------------------------------------------------------------------------
Start Part Resource Summary
---------------------------------------------------------------------------------
Part Resources:
DSPs: 90 (col length:60)
BRAMs: 100 (col length: RAMB18 60 RAMB36 30)
---------------------------------------------------------------------------------
Finished Part Resource Summary
---------------------------------------------------------------------------------
---------------------------------------------------------------------------------
Start Cross Boundary and Area Optimization
---------------------------------------------------------------------------------
Warning: Parallel synthesis criteria is not met 
INFO: [Synth 8-5546] ROM "fsm_next_state0" won't be mapped to RAM because it is too sparse
INFO: [Synth 8-5546] ROM "fsm_next_state0" won't be mapped to RAM because it is too sparse
WARNING: [Synth 8-3331] design Top_Student has unconnected port JA[2]
WARNING: [Synth 8-3331] design Top_Student has unconnected port an[3]
WARNING: [Synth 8-3331] design Top_Student has unconnected port an[2]
WARNING: [Synth 8-3331] design Top_Student has unconnected port an[1]
WARNING: [Synth 8-3331] design Top_Student has unconnected port seg[6]
WARNING: [Synth 8-3331] design Top_Student has unconnected port seg[5]
WARNING: [Synth 8-3331] design Top_Student has unconnected port seg[4]
WARNING: [Synth 8-3331] design Top_Student has unconnected port seg[3]
WARNING: [Synth 8-3331] design Top_Student has unconnected port seg[2]
WARNING: [Synth 8-3331] design Top_Student has unconnected port seg[1]
WARNING: [Synth 8-3331] design Top_Student has unconnected port sw1
INFO: [Synth 8-3886] merging instance 'VOLUME/LED_reg[8]' (FDRE) to 'VOLUME/LED_reg[9]'
INFO: [Synth 8-3886] merging instance 'VOLUME/LED_reg[13]' (FDRE) to 'VOLUME/LED_reg[14]'
WARNING: [Synth 8-3332] Sequential element (VOLUME/volume_reg[3]) is unused and will be removed from module Top_Student.
WARNING: [Synth 8-3332] Sequential element (VOLUME/volume_reg[2]) is unused and will be removed from module Top_Student.
WARNING: [Synth 8-3332] Sequential element (VOLUME/volume_reg[1]) is unused and will be removed from module Top_Student.
WARNING: [Synth 8-3332] Sequential element (VOLUME/volume_reg[0]) is unused and will be removed from module Top_Student.
WARNING: [Synth 8-3332] Sequential element (nolabel_line81/count_reg[1]) is unused and will be removed from module Top_Student.
WARNING: [Synth 8-3332] Sequential element (nolabel_line81/count_reg[0]) is unused and will be removed from module Top_Student.
---------------------------------------------------------------------------------
Finished Cross Boundary and Area Optimization : Time (s): cpu = 00:00:17 ; elapsed = 00:00:21 . Memory (MB): peak = 733.090 ; gain = 476.480
---------------------------------------------------------------------------------

Report RTL Partitions: 
+-+--------------+------------+----------+
| |RTL Partition |Replication |Instances |
+-+--------------+------------+----------+
+-+--------------+------------+----------+
---------------------------------------------------------------------------------
Start Applying XDC Timing Constraints
---------------------------------------------------------------------------------
---------------------------------------------------------------------------------
Finished Applying XDC Timing Constraints : Time (s): cpu = 00:00:28 ; elapsed = 00:00:32 . Memory (MB): peak = 739.922 ; gain = 483.313
---------------------------------------------------------------------------------
---------------------------------------------------------------------------------
Start Timing Optimization
---------------------------------------------------------------------------------
---------------------------------------------------------------------------------
Finished Timing Optimization : Time (s): cpu = 00:00:28 ; elapsed = 00:00:33 . Memory (MB): peak = 761.324 ; gain = 504.715
---------------------------------------------------------------------------------

Report RTL Partitions: 
+-+--------------+------------+----------+
| |RTL Partition |Replication |Instances |
+-+--------------+------------+----------+
+-+--------------+------------+----------+
---------------------------------------------------------------------------------
Start Technology Mapping
---------------------------------------------------------------------------------
---------------------------------------------------------------------------------
Finished Technology Mapping : Time (s): cpu = 00:00:28 ; elapsed = 00:00:33 . Memory (MB): peak = 775.160 ; gain = 518.551
---------------------------------------------------------------------------------

Report RTL Partitions: 
+-+--------------+------------+----------+
| |RTL Partition |Replication |Instances |
+-+--------------+------------+----------+
+-+--------------+------------+----------+
---------------------------------------------------------------------------------
Start IO Insertion
---------------------------------------------------------------------------------
---------------------------------------------------------------------------------
Start Flattening Before IO Insertion
---------------------------------------------------------------------------------
---------------------------------------------------------------------------------
Finished Flattening Before IO Insertion
---------------------------------------------------------------------------------
---------------------------------------------------------------------------------
Start Final Netlist Cleanup
---------------------------------------------------------------------------------
---------------------------------------------------------------------------------
Finished Final Netlist Cleanup
---------------------------------------------------------------------------------
---------------------------------------------------------------------------------
Finished IO Insertion : Time (s): cpu = 00:00:29 ; elapsed = 00:00:34 . Memory (MB): peak = 775.160 ; gain = 518.551
---------------------------------------------------------------------------------

Report Check Netlist: 
+------+------------------+-------+---------+-------+------------------+
|      |Item              |Errors |Warnings |Status |Description       |
+------+------------------+-------+---------+-------+------------------+
|1     |multi_driven_nets |      0|        0|Passed |Multi driven nets |
+------+------------------+-------+---------+-------+------------------+
---------------------------------------------------------------------------------
Start Renaming Generated Instances
---------------------------------------------------------------------------------
---------------------------------------------------------------------------------
Finished Renaming Generated Instances : Time (s): cpu = 00:00:29 ; elapsed = 00:00:34 . Memory (MB): peak = 775.160 ; gain = 518.551
---------------------------------------------------------------------------------

Report RTL Partitions: 
+-+--------------+------------+----------+
| |RTL Partition |Replication |Instances |
+-+--------------+------------+----------+
+-+--------------+------------+----------+
---------------------------------------------------------------------------------
Start Rebuilding User Hierarchy
---------------------------------------------------------------------------------
---------------------------------------------------------------------------------
Finished Rebuilding User Hierarchy : Time (s): cpu = 00:00:29 ; elapsed = 00:00:34 . Memory (MB): peak = 775.160 ; gain = 518.551
---------------------------------------------------------------------------------
---------------------------------------------------------------------------------
Start Renaming Generated Ports
---------------------------------------------------------------------------------
---------------------------------------------------------------------------------
Finished Renaming Generated Ports : Time (s): cpu = 00:00:29 ; elapsed = 00:00:34 . Memory (MB): peak = 775.160 ; gain = 518.551
---------------------------------------------------------------------------------
---------------------------------------------------------------------------------
Start Handling Custom Attributes
---------------------------------------------------------------------------------
---------------------------------------------------------------------------------
Finished Handling Custom Attributes : Time (s): cpu = 00:00:30 ; elapsed = 00:00:34 . Memory (MB): peak = 775.160 ; gain = 518.551
---------------------------------------------------------------------------------
---------------------------------------------------------------------------------
Start Renaming Generated Nets
---------------------------------------------------------------------------------
---------------------------------------------------------------------------------
Finished Renaming Generated Nets : Time (s): cpu = 00:00:30 ; elapsed = 00:00:34 . Memory (MB): peak = 775.160 ; gain = 518.551
---------------------------------------------------------------------------------
---------------------------------------------------------------------------------
Start Writing Synthesis Report
---------------------------------------------------------------------------------

Report BlackBoxes: 
+-+--------------+----------+
| |BlackBox name |Instances |
+-+--------------+----------+
+-+--------------+----------+

Report Cell Usage: 
+------+-------+------+
|      |Cell   |Count |
+------+-------+------+
|1     |BUFG   |     3|
|2     |CARRY4 |    91|
|3     |LUT1   |    18|
|4     |LUT2   |    65|
|5     |LUT3   |    65|
|6     |LUT4   |    44|
|7     |LUT5   |    30|
|8     |LUT6   |   130|
|9     |FDRE   |   289|
|10    |FDRE_1 |    31|
|11    |FDSE_1 |     1|
|12    |IBUF   |     3|
|13    |OBUF   |    25|
|14    |OBUFT  |    12|
+------+-------+------+

Report Instance Areas: 
+------+-------------+--------------+------+
|      |Instance     |Module        |Cells |
+------+-------------+--------------+------+
|1     |top          |              |   807|
|2     |  R_SET      |D_FLIP        |     2|
|3     |  SLOW       |varclock      |    67|
|4     |  VOLUME     |volume_x1     |   180|
|5     |    SLOW_MIC |varclock_2    |    60|
|6     |  V_SLOW     |varclock_0    |    67|
|7     |  mic        |Audio_Capture |    71|
|8     |  oled1      |Oled_Display  |   309|
|9     |  sixtwofive |varclock_1    |    67|
+------+-------------+--------------+------+
---------------------------------------------------------------------------------
Finished Writing Synthesis Report : Time (s): cpu = 00:00:30 ; elapsed = 00:00:34 . Memory (MB): peak = 775.160 ; gain = 518.551
---------------------------------------------------------------------------------
Synthesis finished with 0 errors, 0 critical warnings and 17 warnings.
Synthesis Optimization Runtime : Time (s): cpu = 00:00:20 ; elapsed = 00:00:26 . Memory (MB): peak = 775.160 ; gain = 196.793
Synthesis Optimization Complete : Time (s): cpu = 00:00:30 ; elapsed = 00:00:35 . Memory (MB): peak = 775.160 ; gain = 518.551
INFO: [Project 1-571] Translating synthesized netlist
INFO: [Netlist 29-17] Analyzing 126 Unisim elements for replacement
INFO: [Netlist 29-28] Unisim Transformation completed in 0 CPU seconds
INFO: [Project 1-570] Preparing netlist for logic optimization
INFO: [Opt 31-138] Pushed 0 inverter(s) to 0 load pin(s).
INFO: [Project 1-111] Unisim Transformation Summary:
  A total of 32 instances were transformed.
  FDRE_1 => FDRE (inverted pins: C): 31 instances
  FDSE_1 => FDSE (inverted pins: C): 1 instances

INFO: [Common 17-83] Releasing license: Synthesis
39 Infos, 43 Warnings, 0 Critical Warnings and 0 Errors encountered.
synth_design completed successfully
synth_design: Time (s): cpu = 00:00:32 ; elapsed = 00:00:37 . Memory (MB): peak = 775.160 ; gain = 531.566
WARNING: [Constraints 18-5210] No constraint will be written out.
INFO: [Common 17-1381] The checkpoint 'E:/Finsihed week 8 project/SoundDisplay.runs/synth_1/Top_Student.dcp' has been generated.
INFO: [runtcl-4] Executing : report_utilization -file Top_Student_utilization_synth.rpt -pb Top_Student_utilization_synth.pb
report_utilization: Time (s): cpu = 00:00:00 ; elapsed = 00:00:00.034 . Memory (MB): peak = 775.160 ; gain = 0.000
INFO: [Common 17-206] Exiting Vivado at Tue Mar 16 19:41:38 2021...
